<?xml version="1.0" encoding="UTF-8"?>
<!-- Generated by org.testng.reporters.JUnitReportReporter -->
<testsuite hostname="Omkar-Khatavkar" failures="0" tests="1" name="com.qa.TestBase.TestBase" time="27.166" errors="0" timestamp="2022-12-13T12:25:39 IST" skipped="0">
  <testcase classname="com.qa.TestBase.TestBase" name="Start" time="27.166"/>
  <system-out/>
</testsuite> <!-- com.qa.TestBase.TestBase -->
