<?xml version="1.0" encoding="UTF-8"?>
<!-- Generated by org.testng.reporters.JUnitReportReporter -->
<testsuite hostname="DESKTOP-QM7APT1" failures="0" tests="2" name="com.qa.TestLayer.LoginPagetest" time="45.364" errors="0" timestamp="2022-12-23T13:22:53 IST" skipped="0">
  <testcase classname="com.qa.TestLayer.LoginPagetest" name="verifySignup" time="24.766"/>
  <system-out/>
  <testcase classname="com.qa.TestLayer.LoginPagetest" name="Start" time="20.598"/>
  <system-out/>
</testsuite> <!-- com.qa.TestLayer.LoginPagetest -->
